============================= test session starts ==============================
platform darwin -- Python 3.12.8, pytest-9.0.2, pluggy-1.6.0 -- /Users/thuan.nguyen.trong/Desktop/workspace/thuannt/modelAI/venv/bin/python
cachedir: .pytest_cache
rootdir: /Users/thuan.nguyen.trong/Desktop/workspace/thuannt/modelAI
configfile: pytest.ini (WARNING: ignoring pytest config in pyproject.toml!)
plugins: mock-3.15.1, cov-7.0.0
collecting ... collected 61 items

tests/unit/test_data/test_encoders.py::TestEncodeGender::test_encode_gender_success PASSED [  1%]
tests/unit/test_data/test_encoders.py::TestEncodeGender::test_encode_gender_binary PASSED [  3%]
tests/unit/test_data/test_encoders.py::TestEncodeTeachingMethods::test_encode_teaching_methods_success PASSED [  4%]
tests/unit/test_data/test_encoders.py::TestEncodeAssessmentMethods::test_encode_assessment_methods_success PASSED [  6%]
tests/unit/test_data/test_encoders.py::TestEncodeEthnicity::test_encode_ethnicity_success PASSED [  8%]
tests/unit/test_data/test_loaders.py::TestLoadExamScores::test_load_exam_scores_success PASSED [  9%]
tests/unit/test_data/test_loaders.py::TestLoadExamScores::test_load_exam_scores_file_not_found PASSED [ 11%]
tests/unit/test_data/test_loaders.py::TestLoadConductScores::test_load_conduct_scores_success PASSED [ 13%]
tests/unit/test_data/test_loaders.py::TestLoadDemographics::test_load_demographics_mssv_maps_to_student_id PASSED [ 14%]
tests/unit/test_data/test_loaders.py::TestLoadDemographics::test_load_demographics_success PASSED [ 16%]
tests/unit/test_data/test_loaders.py::TestLoadTeachingMethods::test_load_teaching_methods_success PASSED [ 18%]
tests/unit/test_data/test_loaders.py::TestLoadAssessmentMethods::test_load_assessment_methods_success PASSED [ 19%]
tests/unit/test_data/test_loaders.py::TestLoadStudyHours::test_load_study_hours_success PASSED [ 21%]
tests/unit/test_data/test_preprocessors.py::TestStandardizeStudentID::test_standardize_student_id_success PASSED [ 22%]
tests/unit/test_data/test_preprocessors.py::TestStandardizeStudentID::test_standardize_student_id_with_missing PASSED [ 24%]
tests/unit/test_data/test_preprocessors.py::TestStandardizeSubjectID::test_standardize_subject_id_success PASSED [ 26%]
tests/unit/test_data/test_preprocessors.py::TestStandardizeLecturerID::test_standardize_lecturer_id_success PASSED [ 27%]
tests/unit/test_data/test_preprocessors.py::TestCleanExamScore::test_clean_exam_score_success PASSED [ 29%]
tests/unit/test_data/test_preprocessors.py::TestCleanExamScore::test_clean_exam_score_remove_invalid PASSED [ 31%]
tests/unit/test_data/test_preprocessors.py::TestConvertScore10To6::test_convert_score_10_to_6_success PASSED [ 32%]
tests/unit/test_data/test_preprocessors.py::TestConvertScore10To6::test_convert_score_10_to_6_missing_column PASSED [ 34%]
tests/unit/test_data/test_preprocessors.py::TestCreateResultColumn::test_create_result_column_success PASSED [ 36%]
tests/unit/test_data/test_preprocessors.py::TestHandleMissingValues::test_handle_missing_values_drop PASSED [ 37%]
tests/unit/test_data/test_preprocessors.py::TestHandleMissingValues::test_handle_missing_values_fill PASSED [ 39%]
tests/unit/test_data/test_preprocessors.py::TestPreprocessExamScores::test_preprocess_exam_scores_success PASSED [ 40%]
tests/unit/test_data/test_validators.py::TestValidateDataTypes::test_validate_data_types_success PASSED [ 42%]
tests/unit/test_data/test_validators.py::TestValidateDataTypes::test_validate_data_types_failure PASSED [ 44%]
tests/unit/test_data/test_validators.py::TestValidateRanges::test_validate_ranges_success PASSED [ 45%]
tests/unit/test_data/test_validators.py::TestValidateRanges::test_validate_ranges_failure PASSED [ 47%]
tests/unit/test_data/test_validators.py::TestValidateRequiredFields::test_validate_required_fields_success PASSED [ 49%]
tests/unit/test_data/test_validators.py::TestValidateRequiredFields::test_validate_required_fields_failure PASSED [ 50%]
tests/unit/test_data/test_validators.py::TestValidateNoMissingValues::test_validate_no_missing_values_success PASSED [ 52%]
tests/unit/test_data/test_validators.py::TestValidateNoMissingValues::test_validate_no_missing_values_failure PASSED [ 54%]
tests/unit/test_data/test_validators.py::TestValidateCloScoreRange::test_validate_clo_score_range_success PASSED [ 55%]
tests/unit/test_data/test_validators.py::TestValidateCloScoreRange::test_validate_clo_score_range_failure PASSED [ 57%]
tests/unit/test_data/test_validators.py::TestValidateConductScoreRange::test_validate_conduct_score_range_success PASSED [ 59%]
tests/unit/test_data/test_validators.py::TestValidateConductScoreRange::test_validate_conduct_score_range_failure PASSED [ 60%]
tests/unit/test_data/test_validators.py::TestValidateDataConsistency::test_validate_data_consistency_success PASSED [ 62%]
tests/unit/test_features/test_feature_builder.py::TestBuildConductFeatures::test_build_conduct_features_success PASSED [ 63%]
tests/unit/test_features/test_feature_builder.py::TestBuildConductFeatures::test_build_conduct_features_no_history PASSED [ 65%]
tests/unit/test_features/test_feature_builder.py::TestBuildAcademicHistoryFeatures::test_build_academic_history_features_success PASSED [ 67%]
tests/unit/test_features/test_feature_builder.py::TestBuildAcademicHistoryFeatures::test_build_academic_history_features_no_history PASSED [ 68%]
tests/unit/test_features/test_feature_builder.py::TestBuildStudyHoursFeatures::test_build_study_hours_features_success PASSED [ 70%]
tests/unit/test_features/test_feature_builder.py::TestBuildStudyHoursFeatures::test_build_study_hours_features_no_history PASSED [ 72%]
tests/unit/test_features/test_feature_builder.py::TestBuildAllFeatures::test_build_all_features_success PASSED [ 73%]
tests/unit/test_features/test_feature_groups.py::TestGetFeatureGroups::test_get_feature_groups_success PASSED [ 75%]
tests/unit/test_features/test_feature_groups.py::TestGetPedagogicalGroups::test_get_pedagogical_groups_success PASSED [ 77%]
tests/unit/test_features/test_feature_groups.py::TestGroupFeaturesByPedagogy::test_group_features_by_pedagogy_success PASSED [ 78%]
tests/unit/test_features/test_feature_groups.py::TestGetFeaturesByGroup::test_get_features_by_group_success PASSED [ 80%]
tests/unit/test_features/test_feature_groups.py::TestGetAllExistingFeatures::test_get_all_existing_features_success PASSED [ 81%]
tests/unit/test_models/test_ensemble.py::TestEnsembleModel::test_ensemble_model_init PASSED [ 83%]
tests/unit/test_models/test_ensemble.py::TestEnsembleModel::test_ensemble_model_train PASSED [ 85%]
tests/unit/test_models/test_ensemble.py::TestEnsembleModel::test_ensemble_model_predict PASSED [ 86%]
tests/unit/test_models/test_ensemble.py::TestEnsembleModel::test_ensemble_model_predict_not_trained PASSED [ 88%]
tests/unit/test_models/test_ensemble.py::TestEnsembleModel::test_ensemble_model_save_load PASSED [ 90%]
tests/unit/test_models/test_ensemble.py::TestEnsembleModel::test_ensemble_model_version PASSED [ 91%]
tests/unit/test_xai/test_shap_explainer.py::TestEnsembleSHAPExplainer::test_shap_explainer_init PASSED [ 93%]
tests/unit/test_xai/test_shap_explainer.py::TestEnsembleSHAPExplainer::test_shap_explainer_explain_instance PASSED [ 95%]
tests/unit/test_xai/test_shap_explainer.py::TestEnsembleSHAPExplainer::test_shap_explainer_explain_batch PASSED [ 96%]
tests/unit/test_xai/test_shap_explainer.py::TestEnsembleSHAPExplainer::test_shap_explainer_get_feature_importance PASSED [ 98%]
tests/unit/test_xai/test_shap_explainer.py::TestEnsembleSHAPExplainer::test_shap_explainer_get_top_features PASSED [100%]

============================= 61 passed in 11.64s ==============================
